#
# There is insufficient memory for the Java Runtime Environment to continue.
# Native memory allocation (malloc) failed to allocate 229376 bytes for Chunk::new
# Possible reasons:
#   The system is out of physical RAM or swap space
#   In 32 bit mode, the process size limit was hit
# Possible solutions:
#   Reduce memory load on the system
#   Increase physical memory or swap space
#   Check if swap backing store is full
#   Use 64 bit Java on a 64 bit OS
#   Decrease Java heap size (-Xmx/-Xms)
#   Decrease number of Java threads
#   Decrease Java thread stack sizes (-Xss)
#   Set larger code cache with -XX:ReservedCodeCacheSize=
# This output file may be truncated or incomplete.
#
#  Out of Memory Error (allocation.cpp:390), pid=10612, tid=0x0000000000002854
#
# JRE version: Java(TM) SE Runtime Environment (8.0_131-b11) (build 1.8.0_131-b11)
# Java VM: Java HotSpot(TM) 64-Bit Server VM (25.131-b11 mixed mode windows-amd64 compressed oops)
# Failed to write core dump. Minidumps are not enabled by default on client versions of Windows
#

---------------  T H R E A D  ---------------

Current thread (0x00000000145db000):  JavaThread "C2 CompilerThread0" daemon [_thread_in_native, id=10324, stack(0x0000000015d60000,0x0000000015e60000)]

Stack: [0x0000000015d60000,0x0000000015e60000]
[error occurred during error reporting (printing stack bounds), id 0xc0000005]

Native frames: (J=compiled Java code, j=interpreted, Vv=VM code, C=native code)


Current CompileTask:
C2:   2688  810  s!   4       sun.misc.URLClassPath::getLoader (243 bytes)


---------------  P R O C E S S  ---------------

Java Threads: ( => current thread )
  0x0000000016455800 JavaThread "Thread-3" daemon [_thread_in_native, id=7808, stack(0x0000000018a00000,0x0000000018b00000)]
  0x0000000016459800 JavaThread "JavaFX-Launcher" [_thread_blocked, id=8252, stack(0x0000000018b00000,0x0000000018c00000)]
  0x00000000163e3000 JavaThread "JavaFX Application Thread" [_thread_in_native, id=4840, stack(0x0000000016970000,0x0000000016a70000)]
  0x00000000163dd800 JavaThread "Thread-1" daemon [_thread_blocked, id=5156, stack(0x0000000016870000,0x0000000016970000)]
  0x000000001639d000 JavaThread "QuantumRenderer-0" daemon [_thread_blocked, id=8116, stack(0x0000000016660000,0x0000000016760000)]
  0x00000000160d1000 JavaThread "Service Thread" daemon [_thread_blocked, id=9800, stack(0x0000000016460000,0x0000000016560000)]
  0x000000001462a800 JavaThread "C1 CompilerThread2" daemon [_thread_blocked, id=9496, stack(0x0000000015f60000,0x0000000016060000)]
  0x00000000145e0800 JavaThread "C2 CompilerThread1" daemon [_thread_blocked, id=3624, stack(0x0000000015e60000,0x0000000015f60000)]
=>0x00000000145db000 JavaThread "C2 CompilerThread0" daemon [_thread_in_native, id=10324, stack(0x0000000015d60000,0x0000000015e60000)]
  0x0000000014625800 JavaThread "Attach Listener" daemon [_thread_blocked, id=6020, stack(0x0000000015c60000,0x0000000015d60000)]
  0x0000000014624800 JavaThread "Signal Dispatcher" daemon [_thread_blocked, id=10780, stack(0x0000000015b60000,0x0000000015c60000)]
  0x00000000145ba800 JavaThread "Finalizer" daemon [_thread_blocked, id=10132, stack(0x0000000015820000,0x0000000015920000)]
  0x0000000001fd2000 JavaThread "Reference Handler" daemon [_thread_blocked, id=10964, stack(0x0000000015720000,0x0000000015820000)]
  0x0000000001ee2800 JavaThread "main" [_thread_blocked, id=5504, stack(0x0000000001ce0000,0x0000000001de0000)]

Other Threads:
  0x0000000014599000 VMThread [stack: 0x0000000015620000,0x0000000015720000] [id=10292]
  0x00000000160f8000 WatcherThread [stack: 0x0000000016560000,0x0000000016660000] [id=4800]

VM state:not at safepoint (normal execution)

VM Mutex/Monitor currently owned by a thread: None

Heap:
 PSYoungGen      total 18944K, used 7350K [0x00000000eb300000, 0x00000000ec800000, 0x0000000100000000)
  eden space 16384K, 29% used [0x00000000eb300000,0x00000000eb7b1860,0x00000000ec300000)
  from space 2560K, 99% used [0x00000000ec300000,0x00000000ec57c030,0x00000000ec580000)
  to   space 2560K, 0% used [0x00000000ec580000,0x00000000ec580000,0x00000000ec800000)
 ParOldGen       total 44032K, used 11301K [0x00000000c1800000, 0x00000000c4300000, 0x00000000eb300000)
  object space 44032K, 25% used [0x00000000c1800000,0x00000000c2309698,0x00000000c4300000)
 Metaspace       used 11514K, capacity 11832K, committed 12032K, reserved 1058816K
  class space    used 1565K, capacity 1670K, committed 1792K, reserved 1048576K

Card table byte_map: [0x00000000113a0000,0x00000000115a0000] byte_map_base: 0x0000000010d94000

Marking Bits: (ParMarkBitMap*) 0x000000006206c720
 Begin Bits: [0x0000000011af0000, 0x0000000012a90000)
 End Bits:   [0x0000000012a90000, 0x0000000013a30000)

Polling page: 0x00000000004b0000

CodeCache: size=245760Kb used=3095Kb max_used=3101Kb free=242664Kb
 bounds [0x0000000001fe0000, 0x00000000022f0000, 0x0000000010fe0000]
 total_blobs=1289 nmethods=809 adapters=393
 compilation: enabled

Compilation events (10 events):
Event: 2.654 Thread 0x000000001462a800  802       3       javafx.scene.Node::getStyleableParent (5 bytes)
Event: 2.654 Thread 0x000000001462a800 nmethod 802 0x00000000022e45d0 code [0x00000000022e4760, 0x00000000022e4ce8]
Event: 2.654 Thread 0x000000001462a800  808       3       jdk.internal.org.objectweb.asm.MethodWriter::visitLabel (281 bytes)
Event: 2.656 Thread 0x000000001462a800 nmethod 808 0x00000000022e4e90 code [0x00000000022e5040, 0x00000000022e5808]
Event: 2.656 Thread 0x000000001462a800  807       3       jdk.internal.org.objectweb.asm.MethodWriter::noSuccessor (87 bytes)
Event: 2.657 Thread 0x000000001462a800 nmethod 807 0x00000000022e8910 code [0x00000000022e8aa0, 0x00000000022e8f88]
Event: 2.657 Thread 0x000000001462a800  809       3       java.util.concurrent.atomic.AtomicBoolean::get (13 bytes)
Event: 2.657 Thread 0x00000000145e0800 nmethod 805 0x00000000022de350 code [0x00000000022de4c0, 0x00000000022de738]
Event: 2.657 Thread 0x000000001462a800 nmethod 809 0x00000000022e8590 code [0x00000000022e86e0, 0x00000000022e8890]
Event: 2.665 Thread 0x00000000145db000  810  s!   4       sun.misc.URLClassPath::getLoader (243 bytes)

GC Heap History (2 events):
Event: 2.448 GC heap before
{Heap before GC invocations=1 (full 0):
 PSYoungGen      total 18944K, used 16384K [0x00000000eb300000, 0x00000000ec800000, 0x0000000100000000)
  eden space 16384K, 100% used [0x00000000eb300000,0x00000000ec300000,0x00000000ec300000)
  from space 2560K, 0% used [0x00000000ec580000,0x00000000ec580000,0x00000000ec800000)
  to   space 2560K, 0% used [0x00000000ec300000,0x00000000ec300000,0x00000000ec580000)
 ParOldGen       total 44032K, used 10837K [0x00000000c1800000, 0x00000000c4300000, 0x00000000eb300000)
  object space 44032K, 24% used [0x00000000c1800000,0x00000000c2295688,0x00000000c4300000)
 Metaspace       used 9891K, capacity 10220K, committed 10368K, reserved 1058816K
  class space    used 1281K, capacity 1372K, committed 1408K, reserved 1048576K
Event: 2.453 GC heap after
Heap after GC invocations=1 (full 0):
 PSYoungGen      total 18944K, used 2544K [0x00000000eb300000, 0x00000000ec800000, 0x0000000100000000)
  eden space 16384K, 0% used [0x00000000eb300000,0x00000000eb300000,0x00000000ec300000)
  from space 2560K, 99% used [0x00000000ec300000,0x00000000ec57c030,0x00000000ec580000)
  to   space 2560K, 0% used [0x00000000ec580000,0x00000000ec580000,0x00000000ec800000)
 ParOldGen       total 44032K, used 11301K [0x00000000c1800000, 0x00000000c4300000, 0x00000000eb300000)
  object space 44032K, 25% used [0x00000000c1800000,0x00000000c2309698,0x00000000c4300000)
 Metaspace       used 9891K, capacity 10220K, committed 10368K, reserved 1058816K
  class space    used 1281K, capacity 1372K, committed 1408K, reserved 1048576K
}

Deoptimization events (6 events):
Event: 1.532 Thread 0x00000000163e3000 Uncommon trap: reason=unstable_if action=reinterpret pc=0x0000000002192990 method=java.lang.String.replace(CC)Ljava/lang/String; @ 26
Event: 1.532 Thread 0x00000000163e3000 Uncommon trap: reason=unstable_if action=reinterpret pc=0x00000000021badd4 method=java.lang.String.indexOf([CII[CIII)I @ 134
Event: 1.590 Thread 0x00000000163e3000 Uncommon trap: reason=unstable_if action=reinterpret pc=0x00000000021a85cc method=java.lang.String.startsWith(Ljava/lang/String;I)Z @ 25
Event: 2.390 Thread 0x00000000163e3000 Uncommon trap: reason=unstable_if action=reinterpret pc=0x000000000227b36c method=java.io.BufferedInputStream.read()I @ 8
Event: 2.408 Thread 0x00000000163e3000 Uncommon trap: reason=unstable_if action=reinterpret pc=0x000000000224d458 method=java.util.HashMap.getNode(ILjava/lang/Object;)Ljava/util/HashMap$Node; @ 84
Event: 2.408 Thread 0x00000000163e3000 Uncommon trap: reason=unstable_if action=reinterpret pc=0x000000000224b490 method=java.util.HashMap.getNode(ILjava/lang/Object;)Ljava/util/HashMap$Node; @ 84

Internal exceptions (10 events):
Event: 0.624 Thread 0x0000000001ee2800 Exception <a 'java/security/PrivilegedActionException'> (0x00000000eb576810) thrown at [C:\re\workspace\8-2-build-windows-amd64-cygwin\jdk8u131\8869\hotspot\src\share\vm\prims\jvm.cpp, line 1390]
Event: 0.624 Thread 0x0000000001ee2800 Exception <a 'java/security/PrivilegedActionException'> (0x00000000eb576a20) thrown at [C:\re\workspace\8-2-build-windows-amd64-cygwin\jdk8u131\8869\hotspot\src\share\vm\prims\jvm.cpp, line 1390]
Event: 0.631 Thread 0x0000000001ee2800 Exception <a 'java/security/PrivilegedActionException'> (0x00000000eb57a690) thrown at [C:\re\workspace\8-2-build-windows-amd64-cygwin\jdk8u131\8869\hotspot\src\share\vm\prims\jvm.cpp, line 1390]
Event: 0.631 Thread 0x0000000001ee2800 Exception <a 'java/security/PrivilegedActionException'> (0x00000000eb57a8a0) thrown at [C:\re\workspace\8-2-build-windows-amd64-cygwin\jdk8u131\8869\hotspot\src\share\vm\prims\jvm.cpp, line 1390]
Event: 0.631 Thread 0x0000000001ee2800 Exception <a 'java/lang/NullPointerException'> (0x00000000eb57ae78) thrown at [C:\re\workspace\8-2-build-windows-amd64-cygwin\jdk8u131\8869\hotspot\src\share\vm\interpreter\linkResolver.cpp, line 1197]
Event: 1.705 Thread 0x00000000163e3000 Exception <a 'java/lang/NullPointerException'> (0x00000000ebdfe3b8) thrown at [C:\re\workspace\8-2-build-windows-amd64-cygwin\jdk8u131\8869\hotspot\src\share\vm\interpreter\linkResolver.cpp, line 1197]
Event: 1.705 Thread 0x00000000163e3000 Exception <a 'java/lang/NullPointerException'> (0x00000000ebdfe3b8) thrown at [C:\re\workspace\8-2-build-windows-amd64-cygwin\jdk8u131\8869\hotspot\src\share\vm\prims\jvm.cpp, line 1394]
Event: 2.323 Thread 0x00000000163e3000 Exception <a 'java/lang/ArrayIndexOutOfBoundsException'> (0x00000000ec02ede8) thrown at [C:\re\workspace\8-2-build-windows-amd64-cygwin\jdk8u131\8869\hotspot\src\share\vm\runtime\sharedRuntime.cpp, line 605]
Event: 2.323 Thread 0x00000000163e3000 Exception <a 'java/lang/ArrayIndexOutOfBoundsException'> (0x00000000ec02fae8) thrown at [C:\re\workspace\8-2-build-windows-amd64-cygwin\jdk8u131\8869\hotspot\src\share\vm\runtime\sharedRuntime.cpp, line 605]
Event: 2.323 Thread 0x00000000163e3000 Exception <a 'java/lang/ArrayIndexOutOfBoundsException'> (0x00000000ec030e90) thrown at [C:\re\workspace\8-2-build-windows-amd64-cygwin\jdk8u131\8869\hotspot\src\share\vm\runtime\sharedRuntime.cpp, line 605]

Events (10 events):
Event: 2.665 loading class java/util/ResourceBundle$BundleReference
Event: 2.665 loading class java/util/ResourceBundle$BundleReference done
Event: 2.665 loading class com/sun/javafx/tk/quantum/QuantumMessagesBundle_en
Event: 2.665 loading class com/sun/javafx/tk/quantum/QuantumMessagesBundle_en done
Event: 2.665 loading class com/sun/javafx/tk/quantum/QuantumMessagesBundle_en_US
Event: 2.665 loading class com/sun/javafx/tk/quantum/QuantumMessagesBundle_en_US done
Event: 2.666 loading class com/sun/javafx/tk/quantum/WindowStage$1
Event: 2.666 loading class com/sun/javafx/tk/quantum/WindowStage$1 done
Event: 2.666 loading class com/sun/javafx/tk/FocusCause
Event: 2.666 loading class com/sun/javafx/tk/FocusCause done


Dynamic libraries:
0x00007ff67e030000 - 0x00007ff67e067000 	C:\Program Files\Java\jre1.8.0_131\bin\javaw.exe
0x00007ffd663c0000 - 0x00007ffd6656d000 	C:\windows\SYSTEM32\ntdll.dll
0x00007ffd64010000 - 0x00007ffd6414e000 	C:\windows\system32\KERNEL32.DLL
0x00007ffd63870000 - 0x00007ffd63985000 	C:\windows\system32\KERNELBASE.dll
0x00007ffd61970000 - 0x00007ffd619fe000 	C:\windows\system32\apphelp.dll
0x00007ffd2f840000 - 0x00007ffd2f893000 	C:\windows\AppPatch\AppPatch64\AcGenral.DLL
0x00007ffd63d80000 - 0x00007ffd63e2a000 	C:\windows\system32\msvcrt.dll
0x00007ffd63840000 - 0x00007ffd6386e000 	C:\windows\system32\SspiCli.dll
0x00007ffd66190000 - 0x00007ffd661e4000 	C:\windows\system32\SHLWAPI.dll
0x00007ffd63e90000 - 0x00007ffd64007000 	C:\windows\system32\USER32.dll
0x00007ffd64190000 - 0x00007ffd64324000 	C:\windows\system32\ole32.dll
0x00007ffd64510000 - 0x00007ffd65a38000 	C:\windows\system32\SHELL32.dll
0x00007ffd62ad0000 - 0x00007ffd62af1000 	C:\windows\SYSTEM32\USERENV.dll
0x00007ffd66310000 - 0x00007ffd663ba000 	C:\windows\system32\ADVAPI32.dll
0x00007ffd58180000 - 0x00007ffd5819e000 	C:\windows\SYSTEM32\MPR.dll
0x00007ffd66050000 - 0x00007ffd66190000 	C:\windows\system32\RPCRT4.dll
0x00007ffd63e30000 - 0x00007ffd63e89000 	C:\windows\SYSTEM32\sechost.dll
0x00007ffd65be0000 - 0x00007ffd65df2000 	C:\windows\SYSTEM32\combase.dll
0x00007ffd63c30000 - 0x00007ffd63d7f000 	C:\windows\system32\GDI32.dll
0x00007ffd634e0000 - 0x00007ffd634f5000 	C:\windows\SYSTEM32\profapi.dll
0x00007ffd61dd0000 - 0x00007ffd61e82000 	C:\windows\SYSTEM32\SHCORE.dll
0x00007ffd64150000 - 0x00007ffd64186000 	C:\windows\system32\IMM32.DLL
0x00007ffd65e00000 - 0x00007ffd65f52000 	C:\windows\system32\MSCTF.dll
0x00007ffd616e0000 - 0x00007ffd6195a000 	C:\windows\WinSxS\amd64_microsoft.windows.common-controls_6595b64144ccf1df_6.0.9600.17810_none_6240b9c7ecbd0bda\COMCTL32.dll
0x00007ffd4da00000 - 0x00007ffd4daa7000 	C:\Program Files\McAfee\Host Intrusion Prevention\HcApi.dll
0x0000000062820000 - 0x000000006282c000 	C:\Program Files\McAfee\Host Intrusion Prevention\HcThe.dll
0x0000000061290000 - 0x0000000061362000 	C:\Program Files\Java\jre1.8.0_131\bin\msvcr100.dll
0x0000000061850000 - 0x00000000620ec000 	C:\Program Files\Java\jre1.8.0_131\bin\server\jvm.dll
0x00007ffd58c00000 - 0x00007ffd58c09000 	C:\windows\SYSTEM32\WSOCK32.dll
0x00007ffd5f8c0000 - 0x00007ffd5f8e2000 	C:\windows\SYSTEM32\WINMM.dll
0x00007ffd590b0000 - 0x00007ffd590ba000 	C:\windows\SYSTEM32\VERSION.dll
0x00007ffd65f60000 - 0x00007ffd65f67000 	C:\windows\system32\PSAPI.DLL
0x00007ffd65b80000 - 0x00007ffd65bda000 	C:\windows\system32\WS2_32.dll
0x00007ffd5f400000 - 0x00007ffd5f42a000 	C:\windows\SYSTEM32\WINMMBASE.dll
0x00007ffd63c20000 - 0x00007ffd63c29000 	C:\windows\system32\NSI.dll
0x00007ffd635b0000 - 0x00007ffd635ff000 	C:\windows\SYSTEM32\cfgmgr32.dll
0x00007ffd62300000 - 0x00007ffd62328000 	C:\windows\SYSTEM32\DEVOBJ.dll
0x0000000061840000 - 0x000000006184f000 	C:\Program Files\Java\jre1.8.0_131\bin\verify.dll
0x0000000061810000 - 0x0000000061839000 	C:\Program Files\Java\jre1.8.0_131\bin\java.dll
0x00000000617f0000 - 0x0000000061806000 	C:\Program Files\Java\jre1.8.0_131\bin\zip.dll
0x00007ffd2c1d0000 - 0x00007ffd2c2bf000 	C:\Program Files\Java\jre1.8.0_131\bin\msvcr120.dll
0x00007ffd2c120000 - 0x00007ffd2c1c6000 	C:\Program Files\Java\jre1.8.0_131\bin\msvcp120.dll
0x0000000061260000 - 0x0000000061282000 	C:\Program Files\Java\jre1.8.0_131\bin\prism_d3d.dll
0x00007ffd3f0b0000 - 0x00007ffd3f2d1000 	C:\windows\system32\d3d9.dll
0x00007ffd61bd0000 - 0x00007ffd61bf1000 	C:\windows\SYSTEM32\dwmapi.dll
0x00007ffd62180000 - 0x00007ffd622a9000 	C:\windows\system32\uxtheme.dll
0x00007ffd22110000 - 0x00007ffd238b7000 	C:\windows\SYSTEM32\igdumdim64.dll
0x0000000061210000 - 0x0000000061253000 	C:\Program Files\Java\jre1.8.0_131\bin\glass.dll
0x00007ffd661f0000 - 0x00007ffd662a6000 	C:\windows\system32\COMDLG32.dll
0x00007ffd65f80000 - 0x00007ffd66046000 	C:\windows\system32\OLEAUT32.dll
0x00007ffd5c730000 - 0x00007ffd5c7db000 	C:\Program Files\Common Files\microsoft shared\ink\tiptsf.dll
0x00007ffd62350000 - 0x00007ffd6235b000 	C:\windows\SYSTEM32\kernel.appcore.dll
0x00007ffd633b0000 - 0x00007ffd633bb000 	C:\windows\SYSTEM32\CRYPTBASE.dll
0x00007ffd63340000 - 0x00007ffd633a3000 	C:\windows\SYSTEM32\bcryptPrimitives.dll
0x00007ffd5e910000 - 0x00007ffd5f2ed000 	C:\windows\SYSTEM32\igdusc64.dll
0x00000000611e0000 - 0x0000000061203000 	C:\Program Files\Java\jre1.8.0_131\bin\javafx_iio.dll
0x00000000611c0000 - 0x00000000611d4000 	C:\Program Files\Java\jre1.8.0_131\bin\javafx_font.dll
0x00007ffd60570000 - 0x00007ffd6075b000 	C:\windows\SYSTEM32\dwrite.dll
0x00007ffd65a40000 - 0x00007ffd65af6000 	C:\windows\SYSTEM32\clbcatq.dll
0x00007ffd60a70000 - 0x00007ffd60c1e000 	C:\windows\SYSTEM32\WindowsCodecs.dll
0x00007ffd62f60000 - 0x00007ffd62f80000 	C:\windows\SYSTEM32\CRYPTSP.dll
0x00007ffd62980000 - 0x00007ffd629b6000 	C:\windows\system32\rsaenh.dll
0x00007ffd63030000 - 0x00007ffd63056000 	C:\windows\SYSTEM32\bcrypt.dll

VM Arguments:
jvm_args: -Dfile.encoding=UTF-8 -Djava.net.preferIPv4Stack=true 
java_command: application.LoginController
java_class_path (initial): C:\Users\imalka\git\HASProject\G9HAS\bin;C:\Program Files\eclipse-committers-mars-2-win32-x86_64\eclipse-committers-mars-2-win32-x86_64\plugins\org.eclipse.fx.ide.css.jfx8_2.1.0.201508240705.jar;C:\Users\imalka\Desktop\mysql-connector-java-3.1.11-bin.jar
Launcher Type: SUN_STANDARD

Environment Variables:
_JAVA_OPTIONS=-Djava.net.preferIPv4Stack=true
PATH=C:/Program Files/Java/jre1.8.0_131/bin/server;C:/Program Files/Java/jre1.8.0_131/bin;C:/Program Files/Java/jre1.8.0_131/lib/amd64;C:\ProgramData\Oracle\Java\javapath;C:\Program Files (x86)\Common Files\Intel\Shared Libraries\redist\intel64_win\mpirt;C:\Program Files (x86)\Common Files\Intel\Shared Libraries\redist\ia32_win\mpirt;C:\Program Files (x86)\Common Files\Intel\Shared Libraries\redist\intel64_win\compiler;C:\Program Files (x86)\Common Files\Intel\Shared Libraries\redist\ia32_win\compiler;C:\Program Files\Intel\WiFi\bin\;C:\Program Files\Common Files\Intel\WirelessCommon\;C:\Program Files (x86)\Git\cmd;C:\Program Files (x86)\Skype\Phone\;C:\Windows\System32;C:\Program Files\Java\jdk1.8.0_112\bin;C:\Program Files\Intel\WiFi\bin\;C:\Program Files\Common Files\Intel\WirelessCommon\;C:\Program Files\eclipse-committers-mars-2-win32-x86_64\eclipse-committers-mars-2-win32-x86_64;
USERNAME=imalka
OS=Windows_NT
PROCESSOR_IDENTIFIER=Intel64 Family 6 Model 69 Stepping 1, GenuineIntel



---------------  S Y S T E M  ---------------

OS: Windows 8.1 , 64 bit Build 9600 (6.3.9600.17415)

CPU:total 4 (initial active 4) (2 cores per cpu, 2 threads per core) family 6 model 69 stepping 1, cmov, cx8, fxsr, mmx, sse, sse2, sse3, ssse3, sse4.1, sse4.2, popcnt, avx, avx2, aes, clmul, erms, lzcnt, ht, tsc, tscinvbit, bmi1, bmi2

Memory: 4k page, physical 4088940k(610376k free), swap 7234668k(3508k free)

vm_info: Java HotSpot(TM) 64-Bit Server VM (25.131-b11) for windows-amd64 JRE (1.8.0_131-b11), built on Mar 15 2017 01:23:53 by "java_re" with MS VC++ 10.0 (VS2010)

time: Mon Jun 05 14:30:43 2017
elapsed time: 2 seconds (0d 0h 0m 2s)

